{"D:\\SourceCode\\playground\\JobHunter\\src\\api\\endpoints.ts": {"path":"D:\\SourceCode\\playground\\JobHunter\\src\\api\\endpoints.ts","statementMap":{"0":{"start":{"line":1,"column":21},"end":{"line":1,"column":null}},"1":{"start":{"line":53,"column":19},"end":{"line":144,"column":null}},"2":{"start":{"line":56,"column":21},"end":{"line":56,"column":64}},"3":{"start":{"line":57,"column":4},"end":{"line":57,"column":null}},"4":{"start":{"line":57,"column":22},"end":{"line":57,"column":null}},"5":{"start":{"line":58,"column":4},"end":{"line":58,"column":null}},"6":{"start":{"line":62,"column":21},"end":{"line":62,"column":70}},"7":{"start":{"line":63,"column":4},"end":{"line":63,"column":null}},"8":{"start":{"line":63,"column":22},"end":{"line":63,"column":null}},"9":{"start":{"line":64,"column":4},"end":{"line":64,"column":null}},"10":{"start":{"line":68,"column":21},"end":{"line":72,"column":6}},"11":{"start":{"line":73,"column":4},"end":{"line":73,"column":null}},"12":{"start":{"line":73,"column":22},"end":{"line":73,"column":null}},"13":{"start":{"line":74,"column":4},"end":{"line":74,"column":null}},"14":{"start":{"line":78,"column":21},"end":{"line":82,"column":6}},"15":{"start":{"line":83,"column":4},"end":{"line":83,"column":null}},"16":{"start":{"line":83,"column":22},"end":{"line":83,"column":null}},"17":{"start":{"line":84,"column":4},"end":{"line":84,"column":null}},"18":{"start":{"line":88,"column":21},"end":{"line":90,"column":6}},"19":{"start":{"line":91,"column":4},"end":{"line":91,"column":null}},"20":{"start":{"line":91,"column":22},"end":{"line":91,"column":null}},"21":{"start":{"line":96,"column":21},"end":{"line":96,"column":62}},"22":{"start":{"line":97,"column":4},"end":{"line":97,"column":null}},"23":{"start":{"line":97,"column":22},"end":{"line":97,"column":null}},"24":{"start":{"line":98,"column":4},"end":{"line":98,"column":null}},"25":{"start":{"line":102,"column":21},"end":{"line":106,"column":6}},"26":{"start":{"line":107,"column":4},"end":{"line":107,"column":null}},"27":{"start":{"line":107,"column":22},"end":{"line":107,"column":null}},"28":{"start":{"line":108,"column":4},"end":{"line":108,"column":null}},"29":{"start":{"line":113,"column":21},"end":{"line":113,"column":58}},"30":{"start":{"line":114,"column":4},"end":{"line":114,"column":null}},"31":{"start":{"line":114,"column":22},"end":{"line":114,"column":null}},"32":{"start":{"line":115,"column":4},"end":{"line":115,"column":null}},"33":{"start":{"line":119,"column":21},"end":{"line":123,"column":6}},"34":{"start":{"line":124,"column":4},"end":{"line":124,"column":null}},"35":{"start":{"line":124,"column":22},"end":{"line":124,"column":null}},"36":{"start":{"line":125,"column":4},"end":{"line":125,"column":null}},"37":{"start":{"line":129,"column":21},"end":{"line":133,"column":6}},"38":{"start":{"line":134,"column":4},"end":{"line":134,"column":null}},"39":{"start":{"line":134,"column":22},"end":{"line":134,"column":null}},"40":{"start":{"line":135,"column":4},"end":{"line":135,"column":null}},"41":{"start":{"line":140,"column":21},"end":{"line":140,"column":67}},"42":{"start":{"line":141,"column":4},"end":{"line":141,"column":null}},"43":{"start":{"line":141,"column":22},"end":{"line":141,"column":null}},"44":{"start":{"line":142,"column":4},"end":{"line":142,"column":null}}},"fnMap":{"0":{"name":"(anonymous_0)","decl":{"start":{"line":55,"column":19},"end":{"line":55,"column":55}},"loc":{"start":{"line":55,"column":55},"end":{"line":58,"column":null}},"line":55},"1":{"name":"(anonymous_1)","decl":{"start":{"line":61,"column":18},"end":{"line":61,"column":25}},"loc":{"start":{"line":61,"column":62},"end":{"line":64,"column":null}},"line":61},"2":{"name":"(anonymous_2)","decl":{"start":{"line":67,"column":21},"end":{"line":67,"column":28}},"loc":{"start":{"line":67,"column":84},"end":{"line":74,"column":null}},"line":67},"3":{"name":"(anonymous_3)","decl":{"start":{"line":77,"column":21},"end":{"line":77,"column":28}},"loc":{"start":{"line":77,"column":93},"end":{"line":84,"column":null}},"line":77},"4":{"name":"(anonymous_4)","decl":{"start":{"line":87,"column":21},"end":{"line":87,"column":28}},"loc":{"start":{"line":87,"column":58},"end":{"line":91,"column":null}},"line":87},"5":{"name":"(anonymous_5)","decl":{"start":{"line":95,"column":17},"end":{"line":95,"column":51}},"loc":{"start":{"line":95,"column":51},"end":{"line":98,"column":null}},"line":95},"6":{"name":"(anonymous_6)","decl":{"start":{"line":101,"column":19},"end":{"line":101,"column":26}},"loc":{"start":{"line":101,"column":78},"end":{"line":108,"column":null}},"line":101},"7":{"name":"(anonymous_7)","decl":{"start":{"line":112,"column":13},"end":{"line":112,"column":43}},"loc":{"start":{"line":112,"column":43},"end":{"line":115,"column":null}},"line":112},"8":{"name":"(anonymous_8)","decl":{"start":{"line":118,"column":15},"end":{"line":118,"column":22}},"loc":{"start":{"line":118,"column":66},"end":{"line":125,"column":null}},"line":118},"9":{"name":"(anonymous_9)","decl":{"start":{"line":128,"column":15},"end":{"line":128,"column":22}},"loc":{"start":{"line":128,"column":75},"end":{"line":135,"column":null}},"line":128},"10":{"name":"(anonymous_10)","decl":{"start":{"line":139,"column":21},"end":{"line":139,"column":58}},"loc":{"start":{"line":139,"column":58},"end":{"line":142,"column":null}},"line":139}},"branchMap":{"0":{"loc":{"start":{"line":57,"column":4},"end":{"line":57,"column":null}},"type":"if","locations":[{"start":{"line":57,"column":4},"end":{"line":57,"column":null}},{"start":{},"end":{}}],"line":57},"1":{"loc":{"start":{"line":63,"column":4},"end":{"line":63,"column":null}},"type":"if","locations":[{"start":{"line":63,"column":4},"end":{"line":63,"column":null}},{"start":{},"end":{}}],"line":63},"2":{"loc":{"start":{"line":73,"column":4},"end":{"line":73,"column":null}},"type":"if","locations":[{"start":{"line":73,"column":4},"end":{"line":73,"column":null}},{"start":{},"end":{}}],"line":73},"3":{"loc":{"start":{"line":83,"column":4},"end":{"line":83,"column":null}},"type":"if","locations":[{"start":{"line":83,"column":4},"end":{"line":83,"column":null}},{"start":{},"end":{}}],"line":83},"4":{"loc":{"start":{"line":91,"column":4},"end":{"line":91,"column":null}},"type":"if","locations":[{"start":{"line":91,"column":4},"end":{"line":91,"column":null}},{"start":{},"end":{}}],"line":91},"5":{"loc":{"start":{"line":97,"column":4},"end":{"line":97,"column":null}},"type":"if","locations":[{"start":{"line":97,"column":4},"end":{"line":97,"column":null}},{"start":{},"end":{}}],"line":97},"6":{"loc":{"start":{"line":107,"column":4},"end":{"line":107,"column":null}},"type":"if","locations":[{"start":{"line":107,"column":4},"end":{"line":107,"column":null}},{"start":{},"end":{}}],"line":107},"7":{"loc":{"start":{"line":114,"column":4},"end":{"line":114,"column":null}},"type":"if","locations":[{"start":{"line":114,"column":4},"end":{"line":114,"column":null}},{"start":{},"end":{}}],"line":114},"8":{"loc":{"start":{"line":124,"column":4},"end":{"line":124,"column":null}},"type":"if","locations":[{"start":{"line":124,"column":4},"end":{"line":124,"column":null}},{"start":{},"end":{}}],"line":124},"9":{"loc":{"start":{"line":134,"column":4},"end":{"line":134,"column":null}},"type":"if","locations":[{"start":{"line":134,"column":4},"end":{"line":134,"column":null}},{"start":{},"end":{}}],"line":134},"10":{"loc":{"start":{"line":141,"column":4},"end":{"line":141,"column":null}},"type":"if","locations":[{"start":{"line":141,"column":4},"end":{"line":141,"column":null}},{"start":{},"end":{}}],"line":141}},"s":{"0":1,"1":1,"2":2,"3":1,"4":1,"5":1,"6":0,"7":0,"8":0,"9":0,"10":1,"11":1,"12":0,"13":1,"14":0,"15":0,"16":0,"17":0,"18":0,"19":0,"20":0,"21":0,"22":0,"23":0,"24":0,"25":0,"26":0,"27":0,"28":0,"29":0,"30":0,"31":0,"32":0,"33":0,"34":0,"35":0,"36":0,"37":0,"38":0,"39":0,"40":0,"41":0,"42":0,"43":0,"44":0},"f":{"0":2,"1":0,"2":1,"3":0,"4":0,"5":0,"6":0,"7":0,"8":0,"9":0,"10":0},"b":{"0":[0,1],"1":[0,0],"2":[0,1],"3":[0,0],"4":[0,0],"5":[0,0],"6":[0,0],"7":[0,0],"8":[0,0],"9":[0,0],"10":[0,0]},"meta":{"lastBranch":11,"lastFunction":11,"lastStatement":45,"seen":{"s:1:21:1:Infinity":0,"s:53:19:144:Infinity":1,"f:55:19:55:55":0,"s:56:21:56:64":2,"b:57:4:57:Infinity:undefined:undefined:undefined:undefined":0,"s:57:4:57:Infinity":3,"s:57:22:57:Infinity":4,"s:58:4:58:Infinity":5,"f:61:18:61:25":1,"s:62:21:62:70":6,"b:63:4:63:Infinity:undefined:undefined:undefined:undefined":1,"s:63:4:63:Infinity":7,"s:63:22:63:Infinity":8,"s:64:4:64:Infinity":9,"f:67:21:67:28":2,"s:68:21:72:6":10,"b:73:4:73:Infinity:undefined:undefined:undefined:undefined":2,"s:73:4:73:Infinity":11,"s:73:22:73:Infinity":12,"s:74:4:74:Infinity":13,"f:77:21:77:28":3,"s:78:21:82:6":14,"b:83:4:83:Infinity:undefined:undefined:undefined:undefined":3,"s:83:4:83:Infinity":15,"s:83:22:83:Infinity":16,"s:84:4:84:Infinity":17,"f:87:21:87:28":4,"s:88:21:90:6":18,"b:91:4:91:Infinity:undefined:undefined:undefined:undefined":4,"s:91:4:91:Infinity":19,"s:91:22:91:Infinity":20,"f:95:17:95:51":5,"s:96:21:96:62":21,"b:97:4:97:Infinity:undefined:undefined:undefined:undefined":5,"s:97:4:97:Infinity":22,"s:97:22:97:Infinity":23,"s:98:4:98:Infinity":24,"f:101:19:101:26":6,"s:102:21:106:6":25,"b:107:4:107:Infinity:undefined:undefined:undefined:undefined":6,"s:107:4:107:Infinity":26,"s:107:22:107:Infinity":27,"s:108:4:108:Infinity":28,"f:112:13:112:43":7,"s:113:21:113:58":29,"b:114:4:114:Infinity:undefined:undefined:undefined:undefined":7,"s:114:4:114:Infinity":30,"s:114:22:114:Infinity":31,"s:115:4:115:Infinity":32,"f:118:15:118:22":8,"s:119:21:123:6":33,"b:124:4:124:Infinity:undefined:undefined:undefined:undefined":8,"s:124:4:124:Infinity":34,"s:124:22:124:Infinity":35,"s:125:4:125:Infinity":36,"f:128:15:128:22":9,"s:129:21:133:6":37,"b:134:4:134:Infinity:undefined:undefined:undefined:undefined":9,"s:134:4:134:Infinity":38,"s:134:22:134:Infinity":39,"s:135:4:135:Infinity":40,"f:139:21:139:58":10,"s:140:21:140:67":41,"b:141:4:141:Infinity:undefined:undefined:undefined:undefined":10,"s:141:4:141:Infinity":42,"s:141:22:141:Infinity":43,"s:142:4:142:Infinity":44}}}
,"D:\\SourceCode\\playground\\JobHunter\\src\\components\\ApplicationDetail.tsx": {"path":"D:\\SourceCode\\playground\\JobHunter\\src\\components\\ApplicationDetail.tsx","statementMap":{"0":{"start":{"line":11,"column":6},"end":{"line":175,"column":null}},"1":{"start":{"line":12,"column":19},"end":{"line":12,"column":68}},"2":{"start":{"line":13,"column":8},"end":{"line":13,"column":47}},"3":{"start":{"line":14,"column":8},"end":{"line":14,"column":47}},"4":{"start":{"line":16,"column":2},"end":{"line":18,"column":null}},"5":{"start":{"line":17,"column":4},"end":{"line":17,"column":null}},"6":{"start":{"line":20,"column":8},"end":{"line":24,"column":null}},"7":{"start":{"line":23,"column":28},"end":{"line":23,"column":null}},"8":{"start":{"line":24,"column":4},"end":{"line":24,"column":null}},"9":{"start":{"line":24,"column":27},"end":{"line":24,"column":55}},"10":{"start":{"line":27,"column":23},"end":{"line":39,"column":null}},"11":{"start":{"line":28,"column":4},"end":{"line":28,"column":null}},"12":{"start":{"line":29,"column":4},"end":{"line":39,"column":null}},"13":{"start":{"line":30,"column":6},"end":{"line":36,"column":null}},"14":{"start":{"line":37,"column":6},"end":{"line":37,"column":null}},"15":{"start":{"line":39,"column":6},"end":{"line":39,"column":null}},"16":{"start":{"line":43,"column":23},"end":{"line":49,"column":null}},"17":{"start":{"line":44,"column":4},"end":{"line":49,"column":null}},"18":{"start":{"line":45,"column":6},"end":{"line":49,"column":null}},"19":{"start":{"line":46,"column":8},"end":{"line":46,"column":null}},"20":{"start":{"line":47,"column":8},"end":{"line":47,"column":null}},"21":{"start":{"line":49,"column":8},"end":{"line":49,"column":null}},"22":{"start":{"line":54,"column":2},"end":{"line":175,"column":null}}},"fnMap":{"0":{"name":"(anonymous_0)","decl":{"start":{"line":11,"column":6},"end":{"line":11,"column":61}},"loc":{"start":{"line":11,"column":90},"end":{"line":175,"column":null}},"line":11},"1":{"name":"(anonymous_1)","decl":{"start":{"line":16,"column":2},"end":{"line":16,"column":18}},"loc":{"start":{"line":16,"column":18},"end":{"line":18,"column":6}},"line":16},"2":{"name":"(anonymous_2)","decl":{"start":{"line":20,"column":8},"end":{"line":20,"column":null}},"loc":{"start":{"line":22,"column":7},"end":{"line":24,"column":null}},"line":22},"3":{"name":"(anonymous_3)","decl":{"start":{"line":24,"column":4},"end":{"line":24,"column":17}},"loc":{"start":{"line":24,"column":27},"end":{"line":24,"column":55}},"line":24},"4":{"name":"(anonymous_4)","decl":{"start":{"line":27,"column":23},"end":{"line":27,"column":30}},"loc":{"start":{"line":27,"column":53},"end":{"line":39,"column":null}},"line":27},"5":{"name":"(anonymous_5)","decl":{"start":{"line":43,"column":23},"end":{"line":43,"column":35}},"loc":{"start":{"line":43,"column":35},"end":{"line":49,"column":null}},"line":43}},"branchMap":{"0":{"loc":{"start":{"line":44,"column":4},"end":{"line":49,"column":null}},"type":"if","locations":[{"start":{"line":44,"column":4},"end":{"line":49,"column":null}},{"start":{},"end":{}}],"line":44},"1":{"loc":{"start":{"line":129,"column":11},"end":{"line":139,"column":null}},"type":"binary-expr","locations":[{"start":{"line":129,"column":11},"end":{"line":129,"column":null}},{"start":{"line":130,"column":12},"end":{"line":139,"column":null}}],"line":129},"2":{"loc":{"start":{"line":175,"column":13},"end":{"line":175,"column":null}},"type":"cond-expr","locations":[{"start":{"line":175,"column":40},"end":{"line":175,"column":54}},{"start":{"line":175,"column":54},"end":{"line":175,"column":null}}],"line":175}},"s":{"0":1,"1":5,"2":5,"3":5,"4":5,"5":3,"6":5,"7":1,"8":1,"9":1,"10":5,"11":1,"12":1,"13":1,"14":1,"15":0,"16":5,"17":1,"18":1,"19":1,"20":1,"21":0,"22":5},"f":{"0":5,"1":3,"2":1,"3":1,"4":1,"5":1},"b":{"0":[1,0],"1":[5,5],"2":[0,5]},"meta":{"lastBranch":3,"lastFunction":6,"lastStatement":23,"seen":{"s:11:6:175:Infinity":0,"f:11:6:11:61":0,"s:12:19:12:68":1,"s:13:8:13:47":2,"s:14:8:14:47":3,"s:16:2:18:Infinity":4,"f:16:2:16:18":1,"s:17:4:17:Infinity":5,"s:20:8:24:Infinity":6,"f:20:8:20:Infinity":2,"s:23:28:23:Infinity":7,"s:24:4:24:Infinity":8,"f:24:4:24:17":3,"s:24:27:24:55":9,"s:27:23:39:Infinity":10,"f:27:23:27:30":4,"s:28:4:28:Infinity":11,"s:29:4:39:Infinity":12,"s:30:6:36:Infinity":13,"s:37:6:37:Infinity":14,"s:39:6:39:Infinity":15,"s:43:23:49:Infinity":16,"f:43:23:43:35":5,"b:44:4:49:Infinity:undefined:undefined:undefined:undefined":0,"s:44:4:49:Infinity":17,"s:45:6:49:Infinity":18,"s:46:8:46:Infinity":19,"s:47:8:47:Infinity":20,"s:49:8:49:Infinity":21,"s:54:2:175:Infinity":22,"b:129:11:129:Infinity:130:12:139:Infinity":1,"b:175:40:175:54:175:54:175:Infinity":2}}}
,"D:\\SourceCode\\playground\\JobHunter\\src\\components\\CircularProgress.tsx": {"path":"D:\\SourceCode\\playground\\JobHunter\\src\\components\\CircularProgress.tsx","statementMap":{"0":{"start":{"line":10,"column":6},"end":{"line":50,"column":null}},"1":{"start":{"line":16,"column":8},"end":{"line":16,"column":null}},"2":{"start":{"line":17,"column":24},"end":{"line":17,"column":null}},"3":{"start":{"line":18,"column":26},"end":{"line":18,"column":null}},"4":{"start":{"line":19,"column":27},"end":{"line":19,"column":null}},"5":{"start":{"line":21,"column":2},"end":{"line":50,"column":null}}},"fnMap":{"0":{"name":"(anonymous_0)","decl":{"start":{"line":10,"column":6},"end":{"line":10,"column":59}},"loc":{"start":{"line":15,"column":6},"end":{"line":50,"column":null}},"line":15}},"branchMap":{"0":{"loc":{"start":{"line":12,"column":2},"end":{"line":12,"column":null}},"type":"default-arg","locations":[{"start":{"line":12,"column":9},"end":{"line":12,"column":null}}],"line":12},"1":{"loc":{"start":{"line":13,"column":2},"end":{"line":13,"column":null}},"type":"default-arg","locations":[{"start":{"line":13,"column":16},"end":{"line":13,"column":null}}],"line":13},"2":{"loc":{"start":{"line":14,"column":2},"end":{"line":14,"column":null}},"type":"default-arg","locations":[{"start":{"line":14,"column":14},"end":{"line":14,"column":null}}],"line":14}},"s":{"0":1,"1":13,"2":13,"3":13,"4":13,"5":13},"f":{"0":13},"b":{"0":[13],"1":[13],"2":[13]},"meta":{"lastBranch":3,"lastFunction":1,"lastStatement":6,"seen":{"s:10:6:50:Infinity":0,"f:10:6:10:59":0,"b:12:9:12:Infinity":0,"b:13:16:13:Infinity":1,"b:14:14:14:Infinity":2,"s:16:8:16:Infinity":1,"s:17:24:17:Infinity":2,"s:18:26:18:Infinity":3,"s:19:27:19:Infinity":4,"s:21:2:50:Infinity":5}}}
,"D:\\SourceCode\\playground\\JobHunter\\src\\components\\DataTable.css": {"path":"D:\\SourceCode\\playground\\JobHunter\\src\\components\\DataTable.css","statementMap":{},"fnMap":{},"branchMap":{},"s":{},"f":{},"b":{},"meta":{"lastBranch":0,"lastFunction":0,"lastStatement":0,"seen":{}}}
,"D:\\SourceCode\\playground\\JobHunter\\src\\components\\DataTable.tsx": {"path":"D:\\SourceCode\\playground\\JobHunter\\src\\components\\DataTable.tsx","statementMap":{"0":{"start":{"line":17,"column":6},"end":{"line":61,"column":null}},"1":{"start":{"line":23,"column":2},"end":{"line":24,"column":null}},"2":{"start":{"line":24,"column":4},"end":{"line":24,"column":null}},"3":{"start":{"line":27,"column":2},"end":{"line":61,"column":null}},"4":{"start":{"line":33,"column":14},"end":{"line":35,"column":null}},"5":{"start":{"line":48,"column":14},"end":{"line":56,"column":null}},"6":{"start":{"line":48,"column":47},"end":{"line":48,"column":65}},"7":{"start":{"line":50,"column":18},"end":{"line":54,"column":null}}},"fnMap":{"0":{"name":"(anonymous_0)","decl":{"start":{"line":17,"column":6},"end":{"line":17,"column":54}},"loc":{"start":{"line":22,"column":25},"end":{"line":61,"column":null}},"line":22},"1":{"name":"(anonymous_1)","decl":{"start":{"line":32,"column":21},"end":{"line":32,"column":26}},"loc":{"start":{"line":33,"column":14},"end":{"line":35,"column":null}},"line":33},"2":{"name":"(anonymous_2)","decl":{"start":{"line":47,"column":17},"end":{"line":47,"column":22}},"loc":{"start":{"line":48,"column":14},"end":{"line":56,"column":null}},"line":48},"3":{"name":"(anonymous_3)","decl":{"start":{"line":48,"column":32},"end":{"line":48,"column":47}},"loc":{"start":{"line":48,"column":47},"end":{"line":48,"column":65}},"line":48},"4":{"name":"(anonymous_4)","decl":{"start":{"line":49,"column":25},"end":{"line":49,"column":30}},"loc":{"start":{"line":50,"column":18},"end":{"line":54,"column":null}},"line":50}},"branchMap":{"0":{"loc":{"start":{"line":23,"column":2},"end":{"line":24,"column":null}},"type":"if","locations":[{"start":{"line":23,"column":2},"end":{"line":24,"column":null}},{"start":{},"end":{}}],"line":23},"1":{"loc":{"start":{"line":40,"column":11},"end":{"line":56,"column":null}},"type":"cond-expr","locations":[{"start":{"line":41,"column":12},"end":{"line":47,"column":17}},{"start":{"line":47,"column":12},"end":{"line":56,"column":null}}],"line":40},"2":{"loc":{"start":{"line":51,"column":21},"end":{"line":53,"column":null}},"type":"cond-expr","locations":[{"start":{"line":52,"column":24},"end":{"line":52,"column":45}},{"start":{"line":53,"column":25},"end":{"line":53,"column":null}}],"line":51}},"s":{"0":3,"1":13,"2":2,"3":11,"4":48,"5":18,"6":1,"7":79},"f":{"0":13,"1":48,"2":18,"3":1,"4":79},"b":{"0":[2,11],"1":[1,10],"2":[42,37]},"meta":{"lastBranch":3,"lastFunction":5,"lastStatement":8,"seen":{"s:17:6:61:Infinity":0,"f:17:6:17:54":0,"b:23:2:24:Infinity:undefined:undefined:undefined:undefined":0,"s:23:2:24:Infinity":1,"s:24:4:24:Infinity":2,"s:27:2:61:Infinity":3,"f:32:21:32:26":1,"s:33:14:35:Infinity":4,"b:41:12:47:17:47:12:56:Infinity":1,"f:47:17:47:22":2,"s:48:14:56:Infinity":5,"f:48:32:48:47":3,"s:48:47:48:65":6,"f:49:25:49:30":4,"s:50:18:54:Infinity":7,"b:52:24:52:45:53:25:53:Infinity":2}}}
,"D:\\SourceCode\\playground\\JobHunter\\src\\components\\Modal.css": {"path":"D:\\SourceCode\\playground\\JobHunter\\src\\components\\Modal.css","statementMap":{},"fnMap":{},"branchMap":{},"s":{},"f":{},"b":{},"meta":{"lastBranch":0,"lastFunction":0,"lastStatement":0,"seen":{}}}
,"D:\\SourceCode\\playground\\JobHunter\\src\\components\\Modal.tsx": {"path":"D:\\SourceCode\\playground\\JobHunter\\src\\components\\Modal.tsx","statementMap":{"0":{"start":{"line":13,"column":6},"end":{"line":39,"column":null}},"1":{"start":{"line":14,"column":2},"end":{"line":23,"column":null}},"2":{"start":{"line":15,"column":4},"end":{"line":18,"column":null}},"3":{"start":{"line":16,"column":6},"end":{"line":16,"column":null}},"4":{"start":{"line":18,"column":6},"end":{"line":18,"column":null}},"5":{"start":{"line":20,"column":4},"end":{"line":21,"column":null}},"6":{"start":{"line":21,"column":6},"end":{"line":21,"column":null}},"7":{"start":{"line":25,"column":2},"end":{"line":25,"column":null}},"8":{"start":{"line":25,"column":15},"end":{"line":25,"column":null}},"9":{"start":{"line":27,"column":2},"end":{"line":39,"column":null}},"10":{"start":{"line":29,"column":53},"end":{"line":29,"column":72}}},"fnMap":{"0":{"name":"(anonymous_0)","decl":{"start":{"line":13,"column":6},"end":{"line":13,"column":37}},"loc":{"start":{"line":13,"column":86},"end":{"line":39,"column":null}},"line":13},"1":{"name":"(anonymous_1)","decl":{"start":{"line":14,"column":2},"end":{"line":14,"column":18}},"loc":{"start":{"line":14,"column":18},"end":{"line":23,"column":6}},"line":14},"2":{"name":"(anonymous_2)","decl":{"start":{"line":20,"column":4},"end":{"line":20,"column":17}},"loc":{"start":{"line":20,"column":17},"end":{"line":21,"column":null}},"line":20},"3":{"name":"(anonymous_3)","decl":{"start":{"line":29,"column":37},"end":{"line":29,"column":47}},"loc":{"start":{"line":29,"column":53},"end":{"line":29,"column":72}},"line":29}},"branchMap":{"0":{"loc":{"start":{"line":15,"column":4},"end":{"line":18,"column":null}},"type":"if","locations":[{"start":{"line":15,"column":4},"end":{"line":18,"column":null}},{"start":{"line":17,"column":11},"end":{"line":18,"column":null}}],"line":15},"1":{"loc":{"start":{"line":25,"column":2},"end":{"line":25,"column":null}},"type":"if","locations":[{"start":{"line":25,"column":2},"end":{"line":25,"column":null}},{"start":{},"end":{}}],"line":25},"2":{"loc":{"start":{"line":37,"column":9},"end":{"line":37,"column":null}},"type":"binary-expr","locations":[{"start":{"line":37,"column":9},"end":{"line":37,"column":19}},{"start":{"line":37,"column":19},"end":{"line":37,"column":null}}],"line":37}},"s":{"0":5,"1":162,"2":38,"3":19,"4":19,"5":38,"6":38,"7":162,"8":21,"9":141,"10":12},"f":{"0":162,"1":38,"2":38,"3":12},"b":{"0":[19,19],"1":[21,141],"2":[141,0]},"meta":{"lastBranch":3,"lastFunction":4,"lastStatement":11,"seen":{"s:13:6:39:Infinity":0,"f:13:6:13:37":0,"s:14:2:23:Infinity":1,"f:14:2:14:18":1,"b:15:4:18:Infinity:17:11:18:Infinity":0,"s:15:4:18:Infinity":2,"s:16:6:16:Infinity":3,"s:18:6:18:Infinity":4,"s:20:4:21:Infinity":5,"f:20:4:20:17":2,"s:21:6:21:Infinity":6,"b:25:2:25:Infinity:undefined:undefined:undefined:undefined":1,"s:25:2:25:Infinity":7,"s:25:15:25:Infinity":8,"s:27:2:39:Infinity":9,"f:29:37:29:47":3,"s:29:53:29:72":10,"b:37:9:37:19:37:19:37:Infinity":2}}}
,"D:\\SourceCode\\playground\\JobHunter\\src\\components\\QuickAddFAB.tsx": {"path":"D:\\SourceCode\\playground\\JobHunter\\src\\components\\QuickAddFAB.tsx","statementMap":{"0":{"start":{"line":5,"column":6},"end":{"line":19,"column":null}},"1":{"start":{"line":6,"column":22},"end":{"line":6,"column":55}},"2":{"start":{"line":8,"column":2},"end":{"line":19,"column":null}},"3":{"start":{"line":11,"column":23},"end":{"line":11,"column":43}},"4":{"start":{"line":18,"column":57},"end":{"line":18,"column":82}}},"fnMap":{"0":{"name":"(anonymous_0)","decl":{"start":{"line":5,"column":6},"end":{"line":5,"column":36}},"loc":{"start":{"line":5,"column":36},"end":{"line":19,"column":null}},"line":5},"1":{"name":"(anonymous_1)","decl":{"start":{"line":11,"column":8},"end":{"line":11,"column":23}},"loc":{"start":{"line":11,"column":23},"end":{"line":11,"column":43}},"line":11},"2":{"name":"(anonymous_2)","decl":{"start":{"line":18,"column":42},"end":{"line":18,"column":57}},"loc":{"start":{"line":18,"column":57},"end":{"line":18,"column":82}},"line":18}},"branchMap":{},"s":{"0":1,"1":12,"2":12,"3":1,"4":0},"f":{"0":12,"1":1,"2":0},"b":{},"meta":{"lastBranch":0,"lastFunction":3,"lastStatement":5,"seen":{"s:5:6:19:Infinity":0,"f:5:6:5:36":0,"s:6:22:6:55":1,"s:8:2:19:Infinity":2,"f:11:8:11:23":1,"s:11:23:11:43":3,"f:18:42:18:57":2,"s:18:57:18:82":4}}}
,"D:\\SourceCode\\playground\\JobHunter\\src\\components\\QuickAddModal.tsx": {"path":"D:\\SourceCode\\playground\\JobHunter\\src\\components\\QuickAddModal.tsx","statementMap":{"0":{"start":{"line":14,"column":6},"end":{"line":225,"column":null}},"1":{"start":{"line":15,"column":20},"end":{"line":15,"column":68}},"2":{"start":{"line":16,"column":33},"end":{"line":16,"column":55}},"3":{"start":{"line":19,"column":8},"end":{"line":19,"column":50}},"4":{"start":{"line":20,"column":8},"end":{"line":20,"column":46}},"5":{"start":{"line":21,"column":8},"end":{"line":21,"column":38}},"6":{"start":{"line":24,"column":18},"end":{"line":32,"column":4}},"7":{"start":{"line":34,"column":24},"end":{"line":43,"column":4}},"8":{"start":{"line":45,"column":20},"end":{"line":54,"column":4}},"9":{"start":{"line":56,"column":26},"end":{"line":71,"column":null}},"10":{"start":{"line":57,"column":4},"end":{"line":57,"column":null}},"11":{"start":{"line":58,"column":17},"end":{"line":63,"column":null}},"12":{"start":{"line":64,"column":4},"end":{"line":71,"column":null}},"13":{"start":{"line":65,"column":6},"end":{"line":65,"column":null}},"14":{"start":{"line":66,"column":6},"end":{"line":66,"column":null}},"15":{"start":{"line":67,"column":6},"end":{"line":70,"column":null}},"16":{"start":{"line":71,"column":20},"end":{"line":71,"column":null}},"17":{"start":{"line":74,"column":32},"end":{"line":87,"column":null}},"18":{"start":{"line":75,"column":4},"end":{"line":75,"column":null}},"19":{"start":{"line":76,"column":24},"end":{"line":76,"column":94}},"20":{"start":{"line":76,"column":47},"end":{"line":76,"column":93}},"21":{"start":{"line":77,"column":17},"end":{"line":83,"column":null}},"22":{"start":{"line":84,"column":4},"end":{"line":87,"column":null}},"23":{"start":{"line":85,"column":6},"end":{"line":85,"column":null}},"24":{"start":{"line":86,"column":6},"end":{"line":86,"column":null}},"25":{"start":{"line":87,"column":20},"end":{"line":87,"column":null}},"26":{"start":{"line":90,"column":28},"end":{"line":107,"column":null}},"27":{"start":{"line":91,"column":4},"end":{"line":91,"column":null}},"28":{"start":{"line":92,"column":24},"end":{"line":92,"column":90}},"29":{"start":{"line":92,"column":47},"end":{"line":92,"column":89}},"30":{"start":{"line":93,"column":17},"end":{"line":103,"column":null}},"31":{"start":{"line":104,"column":4},"end":{"line":107,"column":null}},"32":{"start":{"line":105,"column":6},"end":{"line":105,"column":null}},"33":{"start":{"line":106,"column":6},"end":{"line":106,"column":null}},"34":{"start":{"line":107,"column":20},"end":{"line":107,"column":null}},"35":{"start":{"line":110,"column":2},"end":{"line":225,"column":null}},"36":{"start":{"line":113,"column":102},"end":{"line":113,"column":129}},"37":{"start":{"line":114,"column":100},"end":{"line":114,"column":125}},"38":{"start":{"line":115,"column":96},"end":{"line":115,"column":117}},"39":{"start":{"line":123,"column":81},"end":{"line":123,"column":130}},"40":{"start":{"line":127,"column":82},"end":{"line":127,"column":132}},"41":{"start":{"line":133,"column":73},"end":{"line":133,"column":123}},"42":{"start":{"line":137,"column":73},"end":{"line":137,"column":121}},"43":{"start":{"line":142,"column":58},"end":{"line":142,"column":113}},"44":{"start":{"line":151,"column":65},"end":{"line":151,"column":110}},"45":{"start":{"line":155,"column":59},"end":{"line":155,"column":106}},"46":{"start":{"line":168,"column":80},"end":{"line":168,"column":147}},"47":{"start":{"line":171,"column":16},"end":{"line":171,"column":null}},"48":{"start":{"line":178,"column":64},"end":{"line":178,"column":129}},"49":{"start":{"line":188,"column":103},"end":{"line":188,"column":170}},"50":{"start":{"line":202,"column":76},"end":{"line":202,"column":135}},"51":{"start":{"line":205,"column":16},"end":{"line":205,"column":null}},"52":{"start":{"line":212,"column":84},"end":{"line":212,"column":136}},"53":{"start":{"line":216,"column":74},"end":{"line":216,"column":125}},"54":{"start":{"line":221,"column":88},"end":{"line":221,"column":148}}},"fnMap":{"0":{"name":"(anonymous_0)","decl":{"start":{"line":14,"column":6},"end":{"line":14,"column":53}},"loc":{"start":{"line":14,"column":77},"end":{"line":225,"column":null}},"line":14},"1":{"name":"(anonymous_1)","decl":{"start":{"line":56,"column":26},"end":{"line":56,"column":33}},"loc":{"start":{"line":56,"column":56},"end":{"line":71,"column":null}},"line":56},"2":{"name":"(anonymous_2)","decl":{"start":{"line":74,"column":32},"end":{"line":74,"column":39}},"loc":{"start":{"line":74,"column":62},"end":{"line":87,"column":null}},"line":74},"3":{"name":"(anonymous_3)","decl":{"start":{"line":76,"column":37},"end":{"line":76,"column":42}},"loc":{"start":{"line":76,"column":47},"end":{"line":76,"column":93}},"line":76},"4":{"name":"(anonymous_4)","decl":{"start":{"line":90,"column":28},"end":{"line":90,"column":35}},"loc":{"start":{"line":90,"column":58},"end":{"line":107,"column":null}},"line":90},"5":{"name":"(anonymous_5)","decl":{"start":{"line":92,"column":37},"end":{"line":92,"column":42}},"loc":{"start":{"line":92,"column":47},"end":{"line":92,"column":89}},"line":92},"6":{"name":"(anonymous_6)","decl":{"start":{"line":113,"column":87},"end":{"line":113,"column":102}},"loc":{"start":{"line":113,"column":102},"end":{"line":113,"column":129}},"line":113},"7":{"name":"(anonymous_7)","decl":{"start":{"line":114,"column":85},"end":{"line":114,"column":100}},"loc":{"start":{"line":114,"column":100},"end":{"line":114,"column":125}},"line":114},"8":{"name":"(anonymous_8)","decl":{"start":{"line":115,"column":81},"end":{"line":115,"column":96}},"loc":{"start":{"line":115,"column":96},"end":{"line":115,"column":117}},"line":115},"9":{"name":"(anonymous_9)","decl":{"start":{"line":123,"column":66},"end":{"line":123,"column":76}},"loc":{"start":{"line":123,"column":81},"end":{"line":123,"column":130}},"line":123},"10":{"name":"(anonymous_10)","decl":{"start":{"line":127,"column":67},"end":{"line":127,"column":77}},"loc":{"start":{"line":127,"column":82},"end":{"line":127,"column":132}},"line":127},"11":{"name":"(anonymous_11)","decl":{"start":{"line":133,"column":58},"end":{"line":133,"column":68}},"loc":{"start":{"line":133,"column":73},"end":{"line":133,"column":123}},"line":133},"12":{"name":"(anonymous_12)","decl":{"start":{"line":137,"column":58},"end":{"line":137,"column":68}},"loc":{"start":{"line":137,"column":73},"end":{"line":137,"column":121}},"line":137},"13":{"name":"(anonymous_13)","decl":{"start":{"line":142,"column":43},"end":{"line":142,"column":53}},"loc":{"start":{"line":142,"column":58},"end":{"line":142,"column":113}},"line":142},"14":{"name":"(anonymous_14)","decl":{"start":{"line":151,"column":50},"end":{"line":151,"column":60}},"loc":{"start":{"line":151,"column":65},"end":{"line":151,"column":110}},"line":151},"15":{"name":"(anonymous_15)","decl":{"start":{"line":155,"column":44},"end":{"line":155,"column":54}},"loc":{"start":{"line":155,"column":59},"end":{"line":155,"column":106}},"line":155},"16":{"name":"(anonymous_16)","decl":{"start":{"line":168,"column":65},"end":{"line":168,"column":75}},"loc":{"start":{"line":168,"column":80},"end":{"line":168,"column":147}},"line":168},"17":{"name":"(anonymous_17)","decl":{"start":{"line":170,"column":28},"end":{"line":170,"column":32}},"loc":{"start":{"line":171,"column":16},"end":{"line":171,"column":null}},"line":171},"18":{"name":"(anonymous_18)","decl":{"start":{"line":178,"column":49},"end":{"line":178,"column":59}},"loc":{"start":{"line":178,"column":64},"end":{"line":178,"column":129}},"line":178},"19":{"name":"(anonymous_19)","decl":{"start":{"line":188,"column":88},"end":{"line":188,"column":98}},"loc":{"start":{"line":188,"column":103},"end":{"line":188,"column":170}},"line":188},"20":{"name":"(anonymous_20)","decl":{"start":{"line":202,"column":61},"end":{"line":202,"column":71}},"loc":{"start":{"line":202,"column":76},"end":{"line":202,"column":135}},"line":202},"21":{"name":"(anonymous_21)","decl":{"start":{"line":204,"column":28},"end":{"line":204,"column":32}},"loc":{"start":{"line":205,"column":16},"end":{"line":205,"column":null}},"line":205},"22":{"name":"(anonymous_22)","decl":{"start":{"line":212,"column":69},"end":{"line":212,"column":79}},"loc":{"start":{"line":212,"column":84},"end":{"line":212,"column":136}},"line":212},"23":{"name":"(anonymous_23)","decl":{"start":{"line":216,"column":59},"end":{"line":216,"column":69}},"loc":{"start":{"line":216,"column":74},"end":{"line":216,"column":125}},"line":216},"24":{"name":"(anonymous_24)","decl":{"start":{"line":221,"column":73},"end":{"line":221,"column":83}},"loc":{"start":{"line":221,"column":88},"end":{"line":221,"column":148}},"line":221}},"branchMap":{"0":{"loc":{"start":{"line":16,"column":16},"end":{"line":16,"column":33}},"type":"default-arg","locations":[{"start":{"line":16,"column":31},"end":{"line":16,"column":33}}],"line":16},"1":{"loc":{"start":{"line":60,"column":14},"end":{"line":60,"column":null}},"type":"binary-expr","locations":[{"start":{"line":60,"column":14},"end":{"line":60,"column":38}},{"start":{"line":60,"column":42},"end":{"line":60,"column":null}}],"line":60},"2":{"loc":{"start":{"line":80,"column":15},"end":{"line":80,"column":null}},"type":"binary-expr","locations":[{"start":{"line":80,"column":15},"end":{"line":80,"column":39}},{"start":{"line":80,"column":39},"end":{"line":80,"column":null}}],"line":80},"3":{"loc":{"start":{"line":81,"column":16},"end":{"line":81,"column":null}},"type":"binary-expr","locations":[{"start":{"line":81,"column":16},"end":{"line":81,"column":41}},{"start":{"line":81,"column":41},"end":{"line":81,"column":null}}],"line":81},"4":{"loc":{"start":{"line":96,"column":15},"end":{"line":96,"column":null}},"type":"binary-expr","locations":[{"start":{"line":96,"column":15},"end":{"line":96,"column":39}},{"start":{"line":96,"column":39},"end":{"line":96,"column":null}}],"line":96},"5":{"loc":{"start":{"line":97,"column":16},"end":{"line":97,"column":null}},"type":"binary-expr","locations":[{"start":{"line":97,"column":16},"end":{"line":97,"column":41}},{"start":{"line":97,"column":41},"end":{"line":97,"column":null}}],"line":97},"6":{"loc":{"start":{"line":98,"column":14},"end":{"line":98,"column":null}},"type":"binary-expr","locations":[{"start":{"line":98,"column":14},"end":{"line":98,"column":40}},{"start":{"line":98,"column":44},"end":{"line":98,"column":null}}],"line":98},"7":{"loc":{"start":{"line":99,"column":13},"end":{"line":99,"column":null}},"type":"binary-expr","locations":[{"start":{"line":99,"column":13},"end":{"line":99,"column":38}},{"start":{"line":99,"column":42},"end":{"line":99,"column":null}}],"line":99},"8":{"loc":{"start":{"line":113,"column":40},"end":{"line":113,"column":87}},"type":"cond-expr","locations":[{"start":{"line":113,"column":70},"end":{"line":113,"column":81}},{"start":{"line":113,"column":81},"end":{"line":113,"column":87}}],"line":113},"9":{"loc":{"start":{"line":114,"column":40},"end":{"line":114,"column":85}},"type":"cond-expr","locations":[{"start":{"line":114,"column":68},"end":{"line":114,"column":79}},{"start":{"line":114,"column":79},"end":{"line":114,"column":85}}],"line":114},"10":{"loc":{"start":{"line":115,"column":40},"end":{"line":115,"column":81}},"type":"cond-expr","locations":[{"start":{"line":115,"column":64},"end":{"line":115,"column":75}},{"start":{"line":115,"column":75},"end":{"line":115,"column":81}}],"line":115},"11":{"loc":{"start":{"line":118,"column":7},"end":{"line":159,"column":null}},"type":"binary-expr","locations":[{"start":{"line":118,"column":7},"end":{"line":118,"column":null}},{"start":{"line":119,"column":8},"end":{"line":159,"column":null}}],"line":118},"12":{"loc":{"start":{"line":164,"column":7},"end":{"line":193,"column":null}},"type":"binary-expr","locations":[{"start":{"line":164,"column":7},"end":{"line":164,"column":null}},{"start":{"line":165,"column":8},"end":{"line":193,"column":null}}],"line":164},"13":{"loc":{"start":{"line":198,"column":7},"end":{"line":225,"column":null}},"type":"binary-expr","locations":[{"start":{"line":198,"column":7},"end":{"line":198,"column":null}},{"start":{"line":199,"column":8},"end":{"line":225,"column":null}}],"line":198}},"s":{"0":4,"1":158,"2":158,"3":158,"4":158,"5":158,"6":158,"7":158,"8":158,"9":158,"10":0,"11":0,"12":0,"13":0,"14":0,"15":0,"16":0,"17":158,"18":0,"19":0,"20":0,"21":0,"22":0,"23":0,"24":0,"25":0,"26":158,"27":0,"28":0,"29":0,"30":0,"31":0,"32":0,"33":0,"34":0,"35":158,"36":0,"37":0,"38":0,"39":18,"40":16,"41":17,"42":6,"43":1,"44":27,"45":37,"46":0,"47":0,"48":0,"49":0,"50":0,"51":0,"52":0,"53":0,"54":0},"f":{"0":158,"1":0,"2":0,"3":0,"4":0,"5":0,"6":0,"7":0,"8":0,"9":18,"10":16,"11":17,"12":6,"13":1,"14":27,"15":37,"16":0,"17":0,"18":0,"19":0,"20":0,"21":0,"22":0,"23":0,"24":0},"b":{"0":[158],"1":[0,0],"2":[0,0],"3":[0,0],"4":[0,0],"5":[0,0],"6":[0,0],"7":[0,0],"8":[158,0],"9":[0,158],"10":[0,158],"11":[158,158],"12":[158,0],"13":[158,0]},"meta":{"lastBranch":14,"lastFunction":25,"lastStatement":55,"seen":{"s:14:6:225:Infinity":0,"f:14:6:14:53":0,"s:15:20:15:68":1,"s:16:33:16:55":2,"b:16:31:16:33":0,"s:19:8:19:50":3,"s:20:8:20:46":4,"s:21:8:21:38":5,"s:24:18:32:4":6,"s:34:24:43:4":7,"s:45:20:54:4":8,"s:56:26:71:Infinity":9,"f:56:26:56:33":1,"s:57:4:57:Infinity":10,"s:58:17:63:Infinity":11,"b:60:14:60:38:60:42:60:Infinity":1,"s:64:4:71:Infinity":12,"s:65:6:65:Infinity":13,"s:66:6:66:Infinity":14,"s:67:6:70:Infinity":15,"s:71:20:71:Infinity":16,"s:74:32:87:Infinity":17,"f:74:32:74:39":2,"s:75:4:75:Infinity":18,"s:76:24:76:94":19,"f:76:37:76:42":3,"s:76:47:76:93":20,"s:77:17:83:Infinity":21,"b:80:15:80:39:80:39:80:Infinity":2,"b:81:16:81:41:81:41:81:Infinity":3,"s:84:4:87:Infinity":22,"s:85:6:85:Infinity":23,"s:86:6:86:Infinity":24,"s:87:20:87:Infinity":25,"s:90:28:107:Infinity":26,"f:90:28:90:35":4,"s:91:4:91:Infinity":27,"s:92:24:92:90":28,"f:92:37:92:42":5,"s:92:47:92:89":29,"s:93:17:103:Infinity":30,"b:96:15:96:39:96:39:96:Infinity":4,"b:97:16:97:41:97:41:97:Infinity":5,"b:98:14:98:40:98:44:98:Infinity":6,"b:99:13:99:38:99:42:99:Infinity":7,"s:104:4:107:Infinity":31,"s:105:6:105:Infinity":32,"s:106:6:106:Infinity":33,"s:107:20:107:Infinity":34,"s:110:2:225:Infinity":35,"b:113:70:113:81:113:81:113:87":8,"f:113:87:113:102":6,"s:113:102:113:129":36,"b:114:68:114:79:114:79:114:85":9,"f:114:85:114:100":7,"s:114:100:114:125":37,"b:115:64:115:75:115:75:115:81":10,"f:115:81:115:96":8,"s:115:96:115:117":38,"b:118:7:118:Infinity:119:8:159:Infinity":11,"f:123:66:123:76":9,"s:123:81:123:130":39,"f:127:67:127:77":10,"s:127:82:127:132":40,"f:133:58:133:68":11,"s:133:73:133:123":41,"f:137:58:137:68":12,"s:137:73:137:121":42,"f:142:43:142:53":13,"s:142:58:142:113":43,"f:151:50:151:60":14,"s:151:65:151:110":44,"f:155:44:155:54":15,"s:155:59:155:106":45,"b:164:7:164:Infinity:165:8:193:Infinity":12,"f:168:65:168:75":16,"s:168:80:168:147":46,"f:170:28:170:32":17,"s:171:16:171:Infinity":47,"f:178:49:178:59":18,"s:178:64:178:129":48,"f:188:88:188:98":19,"s:188:103:188:170":49,"b:198:7:198:Infinity:199:8:225:Infinity":13,"f:202:61:202:71":20,"s:202:76:202:135":50,"f:204:28:204:32":21,"s:205:16:205:Infinity":51,"f:212:69:212:79":22,"s:212:84:212:136":52,"f:216:59:216:69":23,"s:216:74:216:125":53,"f:221:73:221:83":24,"s:221:88:221:148":54}}}
,"D:\\SourceCode\\playground\\JobHunter\\src\\components\\StatCard.tsx": {"path":"D:\\SourceCode\\playground\\JobHunter\\src\\components\\StatCard.tsx","statementMap":{"0":{"start":{"line":10,"column":6},"end":{"line":22,"column":null}},"1":{"start":{"line":11,"column":2},"end":{"line":22,"column":null}}},"fnMap":{"0":{"name":"(anonymous_0)","decl":{"start":{"line":10,"column":6},"end":{"line":10,"column":43}},"loc":{"start":{"line":10,"column":92},"end":{"line":22,"column":null}},"line":10}},"branchMap":{"0":{"loc":{"start":{"line":10,"column":71},"end":{"line":10,"column":92}},"type":"default-arg","locations":[{"start":{"line":10,"column":83},"end":{"line":10,"column":92}}],"line":10}},"s":{"0":1,"1":6},"f":{"0":6},"b":{"0":[6]},"meta":{"lastBranch":1,"lastFunction":1,"lastStatement":2,"seen":{"s:10:6:22:Infinity":0,"f:10:6:10:43":0,"b:10:83:10:92":0,"s:11:2:22:Infinity":1}}}
,"D:\\SourceCode\\playground\\JobHunter\\src\\hooks\\api.ts": {"path":"D:\\SourceCode\\playground\\JobHunter\\src\\hooks\\api.ts","statementMap":{"0":{"start":{"line":6,"column":13},"end":{"line":10,"column":null}},"1":{"start":{"line":7,"column":2},"end":{"line":10,"column":null}},"2":{"start":{"line":13,"column":13},"end":{"line":18,"column":null}},"3":{"start":{"line":14,"column":2},"end":{"line":18,"column":null}},"4":{"start":{"line":16,"column":19},"end":{"line":16,"column":41}},"5":{"start":{"line":21,"column":13},"end":{"line":30,"column":null}},"6":{"start":{"line":22,"column":8},"end":{"line":22,"column":38}},"7":{"start":{"line":24,"column":2},"end":{"line":30,"column":null}},"8":{"start":{"line":27,"column":6},"end":{"line":27,"column":null}},"9":{"start":{"line":28,"column":6},"end":{"line":28,"column":null}},"10":{"start":{"line":33,"column":13},"end":{"line":43,"column":null}},"11":{"start":{"line":34,"column":8},"end":{"line":34,"column":38}},"12":{"start":{"line":36,"column":2},"end":{"line":43,"column":null}},"13":{"start":{"line":38,"column":6},"end":{"line":38,"column":37}},"14":{"start":{"line":40,"column":6},"end":{"line":40,"column":null}},"15":{"start":{"line":41,"column":6},"end":{"line":41,"column":null}},"16":{"start":{"line":46,"column":13},"end":{"line":55,"column":null}},"17":{"start":{"line":47,"column":8},"end":{"line":47,"column":38}},"18":{"start":{"line":49,"column":2},"end":{"line":55,"column":null}},"19":{"start":{"line":52,"column":6},"end":{"line":52,"column":null}},"20":{"start":{"line":53,"column":6},"end":{"line":53,"column":null}},"21":{"start":{"line":59,"column":13},"end":{"line":63,"column":null}},"22":{"start":{"line":60,"column":2},"end":{"line":63,"column":null}},"23":{"start":{"line":66,"column":13},"end":{"line":75,"column":null}},"24":{"start":{"line":67,"column":8},"end":{"line":67,"column":38}},"25":{"start":{"line":69,"column":2},"end":{"line":75,"column":null}},"26":{"start":{"line":72,"column":6},"end":{"line":72,"column":null}},"27":{"start":{"line":73,"column":6},"end":{"line":73,"column":null}},"28":{"start":{"line":79,"column":13},"end":{"line":83,"column":null}},"29":{"start":{"line":80,"column":2},"end":{"line":83,"column":null}},"30":{"start":{"line":86,"column":13},"end":{"line":95,"column":null}},"31":{"start":{"line":87,"column":8},"end":{"line":87,"column":38}},"32":{"start":{"line":89,"column":2},"end":{"line":95,"column":null}},"33":{"start":{"line":92,"column":6},"end":{"line":92,"column":null}},"34":{"start":{"line":93,"column":6},"end":{"line":93,"column":null}},"35":{"start":{"line":98,"column":13},"end":{"line":107,"column":null}},"36":{"start":{"line":99,"column":8},"end":{"line":99,"column":38}},"37":{"start":{"line":101,"column":2},"end":{"line":107,"column":null}},"38":{"start":{"line":102,"column":72},"end":{"line":102,"column":97}},"39":{"start":{"line":104,"column":6},"end":{"line":104,"column":null}},"40":{"start":{"line":105,"column":6},"end":{"line":105,"column":null}},"41":{"start":{"line":111,"column":13},"end":{"line":115,"column":null}},"42":{"start":{"line":112,"column":2},"end":{"line":115,"column":null}}},"fnMap":{"0":{"name":"(anonymous_0)","decl":{"start":{"line":6,"column":13},"end":{"line":6,"column":37}},"loc":{"start":{"line":6,"column":37},"end":{"line":10,"column":null}},"line":6},"1":{"name":"(anonymous_1)","decl":{"start":{"line":13,"column":13},"end":{"line":13,"column":31}},"loc":{"start":{"line":13,"column":46},"end":{"line":18,"column":null}},"line":13},"2":{"name":"(anonymous_2)","decl":{"start":{"line":16,"column":4},"end":{"line":16,"column":19}},"loc":{"start":{"line":16,"column":19},"end":{"line":16,"column":41}},"line":16},"3":{"name":"(anonymous_3)","decl":{"start":{"line":21,"column":13},"end":{"line":21,"column":42}},"loc":{"start":{"line":21,"column":42},"end":{"line":30,"column":null}},"line":21},"4":{"name":"(anonymous_4)","decl":{"start":{"line":26,"column":4},"end":{"line":26,"column":21}},"loc":{"start":{"line":26,"column":21},"end":{"line":28,"column":null}},"line":26},"5":{"name":"(anonymous_5)","decl":{"start":{"line":33,"column":13},"end":{"line":33,"column":42}},"loc":{"start":{"line":33,"column":42},"end":{"line":43,"column":null}},"line":33},"6":{"name":"(anonymous_6)","decl":{"start":{"line":37,"column":4},"end":{"line":37,"column":17}},"loc":{"start":{"line":38,"column":6},"end":{"line":38,"column":37}},"line":38},"7":{"name":"(anonymous_7)","decl":{"start":{"line":39,"column":4},"end":{"line":39,"column":21}},"loc":{"start":{"line":39,"column":21},"end":{"line":41,"column":null}},"line":39},"8":{"name":"(anonymous_8)","decl":{"start":{"line":46,"column":13},"end":{"line":46,"column":42}},"loc":{"start":{"line":46,"column":42},"end":{"line":55,"column":null}},"line":46},"9":{"name":"(anonymous_9)","decl":{"start":{"line":51,"column":4},"end":{"line":51,"column":21}},"loc":{"start":{"line":51,"column":21},"end":{"line":53,"column":null}},"line":51},"10":{"name":"(anonymous_10)","decl":{"start":{"line":59,"column":13},"end":{"line":59,"column":35}},"loc":{"start":{"line":59,"column":35},"end":{"line":63,"column":null}},"line":59},"11":{"name":"(anonymous_11)","decl":{"start":{"line":66,"column":13},"end":{"line":66,"column":40}},"loc":{"start":{"line":66,"column":40},"end":{"line":75,"column":null}},"line":66},"12":{"name":"(anonymous_12)","decl":{"start":{"line":71,"column":4},"end":{"line":71,"column":21}},"loc":{"start":{"line":71,"column":21},"end":{"line":73,"column":null}},"line":71},"13":{"name":"(anonymous_13)","decl":{"start":{"line":79,"column":13},"end":{"line":79,"column":31}},"loc":{"start":{"line":79,"column":31},"end":{"line":83,"column":null}},"line":79},"14":{"name":"(anonymous_14)","decl":{"start":{"line":86,"column":13},"end":{"line":86,"column":36}},"loc":{"start":{"line":86,"column":36},"end":{"line":95,"column":null}},"line":86},"15":{"name":"(anonymous_15)","decl":{"start":{"line":91,"column":4},"end":{"line":91,"column":21}},"loc":{"start":{"line":91,"column":21},"end":{"line":93,"column":null}},"line":91},"16":{"name":"(anonymous_16)","decl":{"start":{"line":98,"column":13},"end":{"line":98,"column":36}},"loc":{"start":{"line":98,"column":36},"end":{"line":107,"column":null}},"line":98},"17":{"name":"(anonymous_17)","decl":{"start":{"line":102,"column":4},"end":{"line":102,"column":17}},"loc":{"start":{"line":102,"column":72},"end":{"line":102,"column":97}},"line":102},"18":{"name":"(anonymous_18)","decl":{"start":{"line":103,"column":4},"end":{"line":103,"column":21}},"loc":{"start":{"line":103,"column":21},"end":{"line":105,"column":null}},"line":103},"19":{"name":"(anonymous_19)","decl":{"start":{"line":111,"column":13},"end":{"line":111,"column":39}},"loc":{"start":{"line":111,"column":39},"end":{"line":115,"column":null}},"line":111}},"branchMap":{},"s":{"0":1,"1":4,"2":1,"3":0,"4":0,"5":1,"6":2,"7":2,"8":1,"9":1,"10":1,"11":0,"12":0,"13":0,"14":0,"15":0,"16":1,"17":0,"18":0,"19":0,"20":0,"21":1,"22":0,"23":1,"24":0,"25":0,"26":0,"27":0,"28":1,"29":0,"30":1,"31":0,"32":0,"33":0,"34":0,"35":1,"36":0,"37":0,"38":0,"39":0,"40":0,"41":1,"42":0},"f":{"0":4,"1":0,"2":0,"3":2,"4":1,"5":0,"6":0,"7":0,"8":0,"9":0,"10":0,"11":0,"12":0,"13":0,"14":0,"15":0,"16":0,"17":0,"18":0,"19":0},"b":{},"meta":{"lastBranch":0,"lastFunction":20,"lastStatement":43,"seen":{"s:6:13:10:Infinity":0,"f:6:13:6:37":0,"s:7:2:10:Infinity":1,"s:13:13:18:Infinity":2,"f:13:13:13:31":1,"s:14:2:18:Infinity":3,"f:16:4:16:19":2,"s:16:19:16:41":4,"s:21:13:30:Infinity":5,"f:21:13:21:42":3,"s:22:8:22:38":6,"s:24:2:30:Infinity":7,"f:26:4:26:21":4,"s:27:6:27:Infinity":8,"s:28:6:28:Infinity":9,"s:33:13:43:Infinity":10,"f:33:13:33:42":5,"s:34:8:34:38":11,"s:36:2:43:Infinity":12,"f:37:4:37:17":6,"s:38:6:38:37":13,"f:39:4:39:21":7,"s:40:6:40:Infinity":14,"s:41:6:41:Infinity":15,"s:46:13:55:Infinity":16,"f:46:13:46:42":8,"s:47:8:47:38":17,"s:49:2:55:Infinity":18,"f:51:4:51:21":9,"s:52:6:52:Infinity":19,"s:53:6:53:Infinity":20,"s:59:13:63:Infinity":21,"f:59:13:59:35":10,"s:60:2:63:Infinity":22,"s:66:13:75:Infinity":23,"f:66:13:66:40":11,"s:67:8:67:38":24,"s:69:2:75:Infinity":25,"f:71:4:71:21":12,"s:72:6:72:Infinity":26,"s:73:6:73:Infinity":27,"s:79:13:83:Infinity":28,"f:79:13:79:31":13,"s:80:2:83:Infinity":29,"s:86:13:95:Infinity":30,"f:86:13:86:36":14,"s:87:8:87:38":31,"s:89:2:95:Infinity":32,"f:91:4:91:21":15,"s:92:6:92:Infinity":33,"s:93:6:93:Infinity":34,"s:98:13:107:Infinity":35,"f:98:13:98:36":16,"s:99:8:99:38":36,"s:101:2:107:Infinity":37,"f:102:4:102:17":17,"s:102:72:102:97":38,"f:103:4:103:21":18,"s:104:6:104:Infinity":39,"s:105:6:105:Infinity":40,"s:111:13:115:Infinity":41,"f:111:13:111:39":19,"s:112:2:115:Infinity":42}}}
,"D:\\SourceCode\\playground\\JobHunter\\src\\pages\\Dashboard.tsx": {"path":"D:\\SourceCode\\playground\\JobHunter\\src\\pages\\Dashboard.tsx","statementMap":{"0":{"start":{"line":8,"column":6},"end":{"line":99,"column":null}},"1":{"start":{"line":9,"column":34},"end":{"line":9,"column":63}},"2":{"start":{"line":11,"column":2},"end":{"line":15,"column":null}},"3":{"start":{"line":12,"column":4},"end":{"line":15,"column":null}},"4":{"start":{"line":19,"column":2},"end":{"line":25,"column":null}},"5":{"start":{"line":20,"column":4},"end":{"line":25,"column":null}},"6":{"start":{"line":29,"column":2},"end":{"line":33,"column":null}},"7":{"start":{"line":30,"column":4},"end":{"line":33,"column":null}},"8":{"start":{"line":37,"column":2},"end":{"line":99,"column":null}}},"fnMap":{"0":{"name":"(anonymous_0)","decl":{"start":{"line":8,"column":6},"end":{"line":8,"column":34}},"loc":{"start":{"line":8,"column":34},"end":{"line":99,"column":null}},"line":8}},"branchMap":{"0":{"loc":{"start":{"line":11,"column":2},"end":{"line":15,"column":null}},"type":"if","locations":[{"start":{"line":11,"column":2},"end":{"line":15,"column":null}},{"start":{},"end":{}}],"line":11},"1":{"loc":{"start":{"line":19,"column":2},"end":{"line":25,"column":null}},"type":"if","locations":[{"start":{"line":19,"column":2},"end":{"line":25,"column":null}},{"start":{},"end":{}}],"line":19},"2":{"loc":{"start":{"line":29,"column":2},"end":{"line":33,"column":null}},"type":"if","locations":[{"start":{"line":29,"column":2},"end":{"line":33,"column":null}},{"start":{},"end":{}}],"line":29}},"s":{"0":1,"1":16,"2":16,"3":1,"4":15,"5":1,"6":14,"7":1,"8":13},"f":{"0":16},"b":{"0":[1,15],"1":[1,14],"2":[1,13]},"meta":{"lastBranch":3,"lastFunction":1,"lastStatement":9,"seen":{"s:8:6:99:Infinity":0,"f:8:6:8:34":0,"s:9:34:9:63":1,"b:11:2:15:Infinity:undefined:undefined:undefined:undefined":0,"s:11:2:15:Infinity":2,"s:12:4:15:Infinity":3,"b:19:2:25:Infinity:undefined:undefined:undefined:undefined":1,"s:19:2:25:Infinity":4,"s:20:4:25:Infinity":5,"b:29:2:33:Infinity:undefined:undefined:undefined:undefined":2,"s:29:2:33:Infinity":6,"s:30:4:33:Infinity":7,"s:37:2:99:Infinity":8}}}
,"D:\\SourceCode\\playground\\JobHunter\\src\\pages\\Interviews.tsx": {"path":"D:\\SourceCode\\playground\\JobHunter\\src\\pages\\Interviews.tsx","statementMap":{"0":{"start":{"line":10,"column":6},"end":{"line":150,"column":null}},"1":{"start":{"line":11,"column":44},"end":{"line":11,"column":69}},"2":{"start":{"line":12,"column":21},"end":{"line":12,"column":50}},"3":{"start":{"line":13,"column":25},"end":{"line":13,"column":61}},"4":{"start":{"line":15,"column":39},"end":{"line":49,"column":null}},"5":{"start":{"line":27,"column":17},"end":{"line":27,"column":49}},"6":{"start":{"line":32,"column":26},"end":{"line":35,"column":null}},"7":{"start":{"line":44,"column":8},"end":{"line":46,"column":null}},"8":{"start":{"line":51,"column":29},"end":{"line":55,"column":null}},"9":{"start":{"line":53,"column":6},"end":{"line":55,"column":76}},"10":{"start":{"line":58,"column":2},"end":{"line":59,"column":null}},"11":{"start":{"line":59,"column":4},"end":{"line":59,"column":null}},"12":{"start":{"line":62,"column":2},"end":{"line":150,"column":null}},"13":{"start":{"line":84,"column":27},"end":{"line":84,"column":50}},"14":{"start":{"line":117,"column":29},"end":{"line":117,"column":58}},"15":{"start":{"line":150,"column":60},"end":{"line":150,"column":88}}},"fnMap":{"0":{"name":"(anonymous_0)","decl":{"start":{"line":10,"column":6},"end":{"line":10,"column":35}},"loc":{"start":{"line":10,"column":35},"end":{"line":150,"column":null}},"line":10},"1":{"name":"(anonymous_1)","decl":{"start":{"line":27,"column":6},"end":{"line":27,"column":17}},"loc":{"start":{"line":27,"column":17},"end":{"line":27,"column":49}},"line":27},"2":{"name":"(anonymous_2)","decl":{"start":{"line":32,"column":6},"end":{"line":32,"column":17}},"loc":{"start":{"line":32,"column":26},"end":{"line":35,"column":null}},"line":32},"3":{"name":"(anonymous_3)","decl":{"start":{"line":43,"column":6},"end":{"line":43,"column":17}},"loc":{"start":{"line":44,"column":8},"end":{"line":46,"column":null}},"line":44},"4":{"name":"(anonymous_4)","decl":{"start":{"line":51,"column":40},"end":{"line":51,"column":null}},"loc":{"start":{"line":53,"column":6},"end":{"line":55,"column":76}},"line":53},"5":{"name":"(anonymous_5)","decl":{"start":{"line":84,"column":12},"end":{"line":84,"column":27}},"loc":{"start":{"line":84,"column":27},"end":{"line":84,"column":50}},"line":84},"6":{"name":"(anonymous_6)","decl":{"start":{"line":117,"column":12},"end":{"line":117,"column":23}},"loc":{"start":{"line":117,"column":29},"end":{"line":117,"column":58}},"line":117},"7":{"name":"(anonymous_7)","decl":{"start":{"line":150,"column":45},"end":{"line":150,"column":60}},"loc":{"start":{"line":150,"column":60},"end":{"line":150,"column":88}},"line":150}},"branchMap":{"0":{"loc":{"start":{"line":11,"column":16},"end":{"line":11,"column":31}},"type":"default-arg","locations":[{"start":{"line":11,"column":29},"end":{"line":11,"column":31}}],"line":11},"1":{"loc":{"start":{"line":53,"column":6},"end":{"line":55,"column":76}},"type":"binary-expr","locations":[{"start":{"line":53,"column":6},"end":{"line":53,"column":72}},{"start":{"line":54,"column":6},"end":{"line":54,"column":73}},{"start":{"line":55,"column":6},"end":{"line":55,"column":76}}],"line":53},"2":{"loc":{"start":{"line":58,"column":2},"end":{"line":59,"column":null}},"type":"if","locations":[{"start":{"line":58,"column":2},"end":{"line":59,"column":null}},{"start":{},"end":{}}],"line":58}},"s":{"0":1,"1":5,"2":5,"3":5,"4":5,"5":5,"6":5,"7":5,"8":5,"9":6,"10":5,"11":1,"12":4,"13":0,"14":1,"15":0},"f":{"0":5,"1":5,"2":5,"3":5,"4":6,"5":0,"6":1,"7":0},"b":{"0":[5],"1":[6,1,1],"2":[1,4]},"meta":{"lastBranch":3,"lastFunction":8,"lastStatement":16,"seen":{"s:10:6:150:Infinity":0,"f:10:6:10:35":0,"s:11:44:11:69":1,"b:11:29:11:31":0,"s:12:21:12:50":2,"s:13:25:13:61":3,"s:15:39:49:Infinity":4,"f:27:6:27:17":1,"s:27:17:27:49":5,"f:32:6:32:17":2,"s:32:26:35:Infinity":6,"f:43:6:43:17":3,"s:44:8:46:Infinity":7,"s:51:29:55:Infinity":8,"f:51:40:51:Infinity":4,"s:53:6:55:76":9,"b:53:6:53:72:54:6:54:73:55:6:55:76":1,"b:58:2:59:Infinity:undefined:undefined:undefined:undefined":2,"s:58:2:59:Infinity":10,"s:59:4:59:Infinity":11,"s:62:2:150:Infinity":12,"f:84:12:84:27":5,"s:84:27:84:50":13,"f:117:12:117:23":6,"s:117:29:117:58":14,"f:150:45:150:60":7,"s:150:60:150:88":15}}}
,"D:\\SourceCode\\playground\\JobHunter\\src\\pages\\Offers.tsx": {"path":"D:\\SourceCode\\playground\\JobHunter\\src\\pages\\Offers.tsx","statementMap":{"0":{"start":{"line":10,"column":6},"end":{"line":149,"column":null}},"1":{"start":{"line":11,"column":40},"end":{"line":11,"column":61}},"2":{"start":{"line":12,"column":21},"end":{"line":12,"column":50}},"3":{"start":{"line":13,"column":25},"end":{"line":13,"column":61}},"4":{"start":{"line":15,"column":35},"end":{"line":49,"column":null}},"5":{"start":{"line":27,"column":17},"end":{"line":27,"column":null}},"6":{"start":{"line":31,"column":27},"end":{"line":31,"column":null}},"7":{"start":{"line":35,"column":26},"end":{"line":35,"column":null}},"8":{"start":{"line":39,"column":17},"end":{"line":39,"column":null}},"9":{"start":{"line":44,"column":8},"end":{"line":46,"column":null}},"10":{"start":{"line":51,"column":25},"end":{"line":54,"column":null}},"11":{"start":{"line":53,"column":6},"end":{"line":54,"column":69}},"12":{"start":{"line":57,"column":2},"end":{"line":58,"column":null}},"13":{"start":{"line":58,"column":4},"end":{"line":58,"column":null}},"14":{"start":{"line":61,"column":2},"end":{"line":149,"column":null}},"15":{"start":{"line":83,"column":27},"end":{"line":83,"column":50}},"16":{"start":{"line":116,"column":29},"end":{"line":116,"column":58}},"17":{"start":{"line":149,"column":60},"end":{"line":149,"column":88}}},"fnMap":{"0":{"name":"(anonymous_0)","decl":{"start":{"line":10,"column":6},"end":{"line":10,"column":31}},"loc":{"start":{"line":10,"column":31},"end":{"line":149,"column":null}},"line":10},"1":{"name":"(anonymous_1)","decl":{"start":{"line":27,"column":6},"end":{"line":27,"column":17}},"loc":{"start":{"line":27,"column":17},"end":{"line":27,"column":null}},"line":27},"2":{"name":"(anonymous_2)","decl":{"start":{"line":31,"column":6},"end":{"line":31,"column":17}},"loc":{"start":{"line":31,"column":27},"end":{"line":31,"column":null}},"line":31},"3":{"name":"(anonymous_3)","decl":{"start":{"line":35,"column":6},"end":{"line":35,"column":17}},"loc":{"start":{"line":35,"column":26},"end":{"line":35,"column":null}},"line":35},"4":{"name":"(anonymous_4)","decl":{"start":{"line":39,"column":6},"end":{"line":39,"column":17}},"loc":{"start":{"line":39,"column":17},"end":{"line":39,"column":null}},"line":39},"5":{"name":"(anonymous_5)","decl":{"start":{"line":43,"column":6},"end":{"line":43,"column":17}},"loc":{"start":{"line":44,"column":8},"end":{"line":46,"column":null}},"line":44},"6":{"name":"(anonymous_6)","decl":{"start":{"line":51,"column":32},"end":{"line":51,"column":null}},"loc":{"start":{"line":53,"column":6},"end":{"line":54,"column":69}},"line":53},"7":{"name":"(anonymous_7)","decl":{"start":{"line":83,"column":12},"end":{"line":83,"column":27}},"loc":{"start":{"line":83,"column":27},"end":{"line":83,"column":50}},"line":83},"8":{"name":"(anonymous_8)","decl":{"start":{"line":116,"column":12},"end":{"line":116,"column":23}},"loc":{"start":{"line":116,"column":29},"end":{"line":116,"column":58}},"line":116},"9":{"name":"(anonymous_9)","decl":{"start":{"line":149,"column":45},"end":{"line":149,"column":60}},"loc":{"start":{"line":149,"column":60},"end":{"line":149,"column":88}},"line":149}},"branchMap":{"0":{"loc":{"start":{"line":11,"column":16},"end":{"line":11,"column":27}},"type":"default-arg","locations":[{"start":{"line":11,"column":25},"end":{"line":11,"column":27}}],"line":11},"1":{"loc":{"start":{"line":31,"column":27},"end":{"line":31,"column":null}},"type":"cond-expr","locations":[{"start":{"line":31,"column":32},"end":{"line":31,"column":66}},{"start":{"line":31,"column":69},"end":{"line":31,"column":null}}],"line":31},"2":{"loc":{"start":{"line":35,"column":26},"end":{"line":35,"column":null}},"type":"binary-expr","locations":[{"start":{"line":35,"column":26},"end":{"line":35,"column":41}},{"start":{"line":35,"column":41},"end":{"line":35,"column":null}}],"line":35},"3":{"loc":{"start":{"line":53,"column":6},"end":{"line":54,"column":69}},"type":"binary-expr","locations":[{"start":{"line":53,"column":6},"end":{"line":53,"column":68}},{"start":{"line":54,"column":6},"end":{"line":54,"column":69}}],"line":53},"4":{"loc":{"start":{"line":57,"column":2},"end":{"line":58,"column":null}},"type":"if","locations":[{"start":{"line":57,"column":2},"end":{"line":58,"column":null}},{"start":{},"end":{}}],"line":57}},"s":{"0":1,"1":5,"2":5,"3":5,"4":5,"5":5,"6":5,"7":5,"8":5,"9":5,"10":5,"11":6,"12":5,"13":1,"14":4,"15":0,"16":1,"17":0},"f":{"0":5,"1":5,"2":5,"3":5,"4":5,"5":5,"6":6,"7":0,"8":1,"9":0},"b":{"0":[5],"1":[5,0],"2":[5,0],"3":[6,1],"4":[1,4]},"meta":{"lastBranch":5,"lastFunction":10,"lastStatement":18,"seen":{"s:10:6:149:Infinity":0,"f:10:6:10:31":0,"s:11:40:11:61":1,"b:11:25:11:27":0,"s:12:21:12:50":2,"s:13:25:13:61":3,"s:15:35:49:Infinity":4,"f:27:6:27:17":1,"s:27:17:27:Infinity":5,"f:31:6:31:17":2,"s:31:27:31:Infinity":6,"b:31:32:31:66:31:69:31:Infinity":1,"f:35:6:35:17":3,"s:35:26:35:Infinity":7,"b:35:26:35:41:35:41:35:Infinity":2,"f:39:6:39:17":4,"s:39:17:39:Infinity":8,"f:43:6:43:17":5,"s:44:8:46:Infinity":9,"s:51:25:54:Infinity":10,"f:51:32:51:Infinity":6,"s:53:6:54:69":11,"b:53:6:53:68:54:6:54:69":3,"b:57:2:58:Infinity:undefined:undefined:undefined:undefined":4,"s:57:2:58:Infinity":12,"s:58:4:58:Infinity":13,"s:61:2:149:Infinity":14,"f:83:12:83:27":7,"s:83:27:83:50":15,"f:116:12:116:23":8,"s:116:29:116:58":16,"f:149:45:149:60":9,"s:149:60:149:88":17}}}
,"D:\\SourceCode\\playground\\JobHunter\\src\\utils\\format.ts": {"path":"D:\\SourceCode\\playground\\JobHunter\\src\\utils\\format.ts","statementMap":{"0":{"start":{"line":4,"column":13},"end":{"line":9,"column":null}},"1":{"start":{"line":5,"column":2},"end":{"line":9,"column":null}},"2":{"start":{"line":15,"column":13},"end":{"line":24,"column":null}},"3":{"start":{"line":16,"column":2},"end":{"line":16,"column":null}},"4":{"start":{"line":16,"column":19},"end":{"line":16,"column":null}},"5":{"start":{"line":18,"column":15},"end":{"line":18,"column":55}},"6":{"start":{"line":19,"column":2},"end":{"line":19,"column":null}},"7":{"start":{"line":19,"column":29},"end":{"line":19,"column":null}},"8":{"start":{"line":20,"column":2},"end":{"line":24,"column":null}},"9":{"start":{"line":30,"column":13},"end":{"line":34,"column":null}},"10":{"start":{"line":31,"column":2},"end":{"line":31,"column":null}},"11":{"start":{"line":31,"column":15},"end":{"line":31,"column":null}},"12":{"start":{"line":32,"column":2},"end":{"line":34,"column":null}},"13":{"start":{"line":34,"column":29},"end":{"line":34,"column":44}}},"fnMap":{"0":{"name":"(anonymous_0)","decl":{"start":{"line":4,"column":13},"end":{"line":4,"column":31}},"loc":{"start":{"line":4,"column":58},"end":{"line":9,"column":null}},"line":4},"1":{"name":"(anonymous_1)","decl":{"start":{"line":15,"column":13},"end":{"line":15,"column":27}},"loc":{"start":{"line":15,"column":58},"end":{"line":24,"column":null}},"line":15},"2":{"name":"(anonymous_2)","decl":{"start":{"line":30,"column":13},"end":{"line":30,"column":29}},"loc":{"start":{"line":30,"column":56},"end":{"line":34,"column":null}},"line":30},"3":{"name":"(anonymous_3)","decl":{"start":{"line":34,"column":13},"end":{"line":34,"column":23}},"loc":{"start":{"line":34,"column":29},"end":{"line":34,"column":44}},"line":34}},"branchMap":{"0":{"loc":{"start":{"line":16,"column":2},"end":{"line":16,"column":null}},"type":"if","locations":[{"start":{"line":16,"column":2},"end":{"line":16,"column":null}},{"start":{},"end":{}}],"line":16},"1":{"loc":{"start":{"line":19,"column":2},"end":{"line":19,"column":null}},"type":"if","locations":[{"start":{"line":19,"column":2},"end":{"line":19,"column":null}},{"start":{},"end":{}}],"line":19},"2":{"loc":{"start":{"line":31,"column":2},"end":{"line":31,"column":null}},"type":"if","locations":[{"start":{"line":31,"column":2},"end":{"line":31,"column":null}},{"start":{},"end":{}}],"line":31}},"s":{"0":3,"1":12,"2":3,"3":8,"4":1,"5":7,"6":7,"7":1,"8":6,"9":3,"10":9,"11":1,"12":8,"13":12},"f":{"0":12,"1":8,"2":9,"3":12},"b":{"0":[1,7],"1":[1,6],"2":[1,8]},"meta":{"lastBranch":3,"lastFunction":4,"lastStatement":14,"seen":{"s:4:13:9:Infinity":0,"f:4:13:4:31":0,"s:5:2:9:Infinity":1,"s:15:13:24:Infinity":2,"f:15:13:15:27":1,"b:16:2:16:Infinity:undefined:undefined:undefined:undefined":0,"s:16:2:16:Infinity":3,"s:16:19:16:Infinity":4,"s:18:15:18:55":5,"b:19:2:19:Infinity:undefined:undefined:undefined:undefined":1,"s:19:2:19:Infinity":6,"s:19:29:19:Infinity":7,"s:20:2:24:Infinity":8,"s:30:13:34:Infinity":9,"f:30:13:30:29":2,"b:31:2:31:Infinity:undefined:undefined:undefined:undefined":2,"s:31:2:31:Infinity":10,"s:31:15:31:Infinity":11,"s:32:2:34:Infinity":12,"f:34:13:34:23":3,"s:34:29:34:44":13}}}
}
